{
  "RSpec": {
    "coverage": {
      "/Users/daniellau/Projects/week-10/bank-test/spec/account_spec.rb": [
        1,
        1,
        11,
        11,
        11,
        null,
        1,
        1,
        1,
        null,
        null,
        1,
        1,
        null,
        null,
        null,
        1,
        1,
        4,
        null,
        null,
        1,
        1,
        null,
        null,
        1,
        1,
        null,
        null,
        null,
        1,
        1,
        null,
        null,
        1,
        2,
        null,
        null,
        null,
        null,
        null,
        1,
        1,
        1,
        4,
        4,
        null,
        null,
        1,
        1,
        null,
        null,
        1,
        1,
        null,
        null,
        null,
        1,
        1,
        null,
        null,
        1,
        2,
        null,
        null,
        null,
        null,
        null
      ],
      "/Users/daniellau/Projects/week-10/bank-test/lib/account.rb": [
        1,
        1,
        1,
        1,
        1,
        null,
        1,
        10,
        10,
        10,
        null,
        null,
        1,
        null,
        9,
        null,
        8,
        8,
        null,
        null,
        1,
        null,
        5,
        4,
        4,
        null,
        null,
        1,
        null,
        1,
        12,
        null,
        null,
        1,
        9,
        null,
        null,
        1,
        5,
        null,
        null
      ],
      "/Users/daniellau/Projects/week-10/bank-test/lib/transaction.rb": [
        1,
        1,
        null,
        1,
        7,
        7,
        7,
        7,
        null,
        null
      ],
      "/Users/daniellau/Projects/week-10/bank-test/lib/printer.rb": [
        1,
        1,
        1,
        null,
        null,
        1,
        1,
        3,
        null,
        null,
        null,
        1,
        null,
        1,
        1,
        null,
        null,
        1,
        null,
        null,
        null,
        null,
        null,
        2,
        null,
        null
      ],
      "/Users/daniellau/Projects/week-10/bank-test/spec/printer_spec.rb": [
        1,
        null,
        1,
        1,
        1,
        1,
        null,
        null,
        null,
        null,
        1,
        null,
        null,
        null,
        null,
        1,
        1,
        null,
        null,
        1,
        1,
        1,
        1,
        1,
        1,
        1,
        1,
        null,
        null,
        null
      ],
      "/Users/daniellau/Projects/week-10/bank-test/spec/transaction_spec.rb": [
        1,
        null,
        1,
        1,
        3,
        1,
        1,
        1,
        null,
        null,
        1,
        1,
        null,
        null,
        null,
        null,
        1,
        3,
        1,
        1,
        1,
        null,
        null,
        1,
        1,
        null,
        null,
        null,
        null,
        1,
        2,
        2,
        2,
        null,
        1,
        1,
        1,
        null,
        null,
        null,
        1,
        2,
        null,
        1,
        1,
        null,
        null,
        2,
        1,
        1,
        null,
        null,
        null
      ]
    },
    "timestamp": 1534253082
  }
}
